Arguments: 
  C:\Program Files\nodejs\node.exe C:\Program Files (x86)\Yarn\bin\yarn.js install

PATH: 
  C:\Program Files (x86)\Intel\iCLS Client\;C:\Program Files\Intel\iCLS Client\;C:\Windows\system32;C:\Windows;C:\Windows\System32\Wbem;C:\Windows\System32\WindowsPowerShell\v1.0\;C:\Program Files (x86)\Intel\Intel(R) Management Engine Components\DAL;C:\Program Files\Intel\Intel(R) Management Engine Components\DAL;C:\Program Files (x86)\Intel\Intel(R) Management Engine Components\IPT;C:\Program Files\Intel\Intel(R) Management Engine Components\IPT;C:\Program Files (x86)\NVIDIA Corporation\PhysX\Common;C:\Program Files\PuTTY\;P:\xampp\php;C:\ProgramData\ComposerSetup\bin;C:\Program Files\nodejs\;C:\Program Files\Git\cmd;C:\xampp\php;C:\WINDOWS\system32;C:\WINDOWS;C:\WINDOWS\System32\Wbem;C:\WINDOWS\System32\WindowsPowerShell\v1.0\;C:\Program Files (x86)\Yarn\bin;C:\Users\Ebiz\AppData\Local\atom\bin;C:\Users\Ebiz\AppData\Roaming\Composer\vendor\bin;C:\Users\Ebiz\AppData\Roaming\npm;C:\Users\Ebiz\AppData\Local\Microsoft\WindowsApps;C:\Users\Ebiz\AppData\Local\Yarn\bin

Yarn version: 
  0.24.6

Node version: 
  7.9.0

Platform: 
  win32 x64

npm manifest: 
  {
    "name": "new-cli",
    "version": "0.0.0",
    "license": "MIT",
    "scripts": {
      "ng": "ng",
      "start": "ng serve",
      "build": "ng build",
      "test": "ng test",
      "lint": "ng lint",
      "e2e": "ng e2e"
    },
    "private": true,
    "dependencies": {
      "@angular/common": "^4.0.0",
      "@angular/compiler": "^4.0.0",
      "@angular/core": "^4.0.0",
      "@angular/forms": "^4.0.0",
      "@angular/http": "^4.0.0",
      "@angular/platform-browser": "^4.0.0",
      "@angular/platform-browser-dynamic": "^4.0.0",
      "@angular/router": "^4.0.0",
      "core-js": "^2.4.1",
      "rxjs": "^5.1.0",
      "zone.js": "^0.8.4"
    },
    "devDependencies": {
      "@angular/cli": "1.0.1",
      "@angular/compiler-cli": "^4.0.0",
      "@types/jasmine": "2.5.38",
      "@types/node": "~6.0.60",
      "codelyzer": "~2.0.0",
      "jasmine-core": "~2.5.2",
      "jasmine-spec-reporter": "~3.2.0",
      "karma": "~1.4.1",
      "karma-chrome-launcher": "~2.0.0",
      "karma-cli": "~1.0.1",
      "karma-jasmine": "~1.1.0",
      "karma-jasmine-html-reporter": "^0.2.2",
      "karma-coverage-istanbul-reporter": "^0.2.0",
      "protractor": "~5.1.0",
      "ts-node": "~2.0.0",
      "tslint": "~4.5.0",
      "typescript": "~2.2.0"
    }
  }

yarn manifest: 
  No manifest

Lockfile: 
  No lockfile

Trace: 
  Error: EPERM: operation not permitted, unlink 'C:\xampp\htdocs\simpleLearn\newCli\node_modules\node-sass\vendor\win32-x64-51\binding.node'
